<?xml version="1.0" encoding="utf-8"?>
<TestRun id="749c1277-e711-4beb-97d0-50504fc03f7e" name="clbp_@LAPTOP-CEL5O7NM 2026-09-02 16:53:56" runUser="LAPTOP-CEL5O7NM\clbp_" xmlns="http://microsoft.com/schemas/VisualStudio/TeamTest/2010">
  <Times creation="2026-09-02T16:53:56.5194670+12:00" queuing="2026-09-02T16:53:56.5194675+12:00" start="2026-09-02T16:53:42.1921880+12:00" finish="2026-09-02T16:53:59.2006446+12:00" />
  <TestSettings name="default" id="23878e9d-319f-4ff5-8e3a-c6b4901e3fa5">
    <Deployment runDeploymentRoot="clbp__LAPTOP-CEL5O7NM_2026-09-02_16_53_56" />
  </TestSettings>
  <Results>
    <UnitTestResult executionId="d8021d56-ca55-40bd-b390-039fac675e44" testId="209bb598-1a62-8653-1b4e-6cb1b48e36f3" testName="Foundgine.SupplyChain.PenTest.Tests.McpPenetrationTests.No_credentials_are_rejected" computerName="LAPTOP-CEL5O7NM" duration="00:00:00.0201007" startTime="2026-09-02T16:53:59.0050524+12:00" endTime="2026-09-02T16:53:59.0239241+12:00" testType="13cdc9d9-ddb5-4fa4-a97d-d965ccfc6d4b" outcome="Passed" testListId="8c84fa94-04c1-424b-9868-57a2d4851a1d" relativeResultsDirectory="d8021d56-ca55-40bd-b390-039fac675e44" />
    <UnitTestResult executionId="7b5e6094-a975-4da1-85ab-5a4cf9535059" testId="6d7ecdda-88c9-32a6-0bd4-3c065daa5122" testName="Foundgine.SupplyChain.PenTest.Tests.McpPenetrationTests.Injection_payload_in_tracking_number_is_stored_as_literal_text_not_executed" computerName="LAPTOP-CEL5O7NM" duration="00:00:00.1475167" startTime="2026-09-02T16:53:58.8234921+12:00" endTime="2026-09-02T16:53:58.9710013+12:00" testType="13cdc9d9-ddb5-4fa4-a97d-d965ccfc6d4b" outcome="Passed" testListId="8c84fa94-04c1-424b-9868-57a2d4851a1d" relativeResultsDirectory="7b5e6094-a975-4da1-85ab-5a4cf9535059" />
    <UnitTestResult executionId="2bbce1ef-1325-4919-8f38-bb9db2735cee" testId="faafd8c1-a988-6c5e-12d7-9a820226490d" testName="Foundgine.SupplyChain.PenTest.Tests.GraphPenetrationTests.Customer_cannot_escalate_to_a_warehouse_only_capability" computerName="LAPTOP-CEL5O7NM" duration="00:00:00.0499501" startTime="2026-09-02T16:53:58.7926566+12:00" endTime="2026-09-02T16:53:58.8426553+12:00" testType="13cdc9d9-ddb5-4fa4-a97d-d965ccfc6d4b" outcome="Passed" testListId="8c84fa94-04c1-424b-9868-57a2d4851a1d" relativeResultsDirectory="2bbce1ef-1325-4919-8f38-bb9db2735cee" />
    <UnitTestResult executionId="1ef4bb05-3988-403a-8f10-b0d8b060bed5" testId="575fb066-2412-fa3b-4ec8-ff91de1bac0c" testName="Foundgine.SupplyChain.PenTest.Tests.McpPenetrationTests.Customer_can_read_own_order" computerName="LAPTOP-CEL5O7NM" duration="00:00:01.4994377" startTime="2026-09-02T16:53:57.3234199+12:00" endTime="2026-09-02T16:53:58.8228580+12:00" testType="13cdc9d9-ddb5-4fa4-a97d-d965ccfc6d4b" outcome="Passed" testListId="8c84fa94-04c1-424b-9868-57a2d4851a1d" relativeResultsDirectory="1ef4bb05-3988-403a-8f10-b0d8b060bed5" />
    <UnitTestResult executionId="55134f89-6814-49b6-a249-e0fa6e8eeba8" testId="bc7017de-aa12-b0de-fc55-c066e9878b8f" testName="Foundgine.SupplyChain.PenTest.Tests.GraphPenetrationTests.Customer_cannot_read_another_customers_order_scope_idor" computerName="LAPTOP-CEL5O7NM" duration="00:00:00.0545099" startTime="2026-09-02T16:53:59.0720005+12:00" endTime="2026-09-02T16:53:59.1267794+12:00" testType="13cdc9d9-ddb5-4fa4-a97d-d965ccfc6d4b" outcome="Passed" testListId="8c84fa94-04c1-424b-9868-57a2d4851a1d" relativeResultsDirectory="55134f89-6814-49b6-a249-e0fa6e8eeba8" />
    <UnitTestResult executionId="57f5ffba-1452-472f-b2a3-8d9de2898c12" testId="59198e78-8b7b-7deb-9aa8-ccba7efcce0d" testName="Foundgine.SupplyChain.PenTest.Tests.GraphPenetrationTests.Wrong_token_for_a_real_actor_is_rejected" computerName="LAPTOP-CEL5O7NM" duration="00:00:13.8245026" startTime="2026-09-02T16:53:44.4682279+12:00" endTime="2026-09-02T16:53:58.2762502+12:00" testType="13cdc9d9-ddb5-4fa4-a97d-d965ccfc6d4b" outcome="Passed" testListId="8c84fa94-04c1-424b-9868-57a2d4851a1d" relativeResultsDirectory="57f5ffba-1452-472f-b2a3-8d9de2898c12" />
    <UnitTestResult executionId="10828643-6225-4608-9296-0ddde8fe8427" testId="e2fa6a3f-47e4-d08d-3a80-887221a6f7c8" testName="Foundgine.SupplyChain.PenTest.Tests.GraphPenetrationTests.Unknown_actor_and_known_actor_with_wrong_token_give_identical_errors" computerName="LAPTOP-CEL5O7NM" duration="00:00:00.0530315" startTime="2026-09-02T16:53:59.0186404+12:00" endTime="2026-09-02T16:53:59.0718423+12:00" testType="13cdc9d9-ddb5-4fa4-a97d-d965ccfc6d4b" outcome="Passed" testListId="8c84fa94-04c1-424b-9868-57a2d4851a1d" relativeResultsDirectory="10828643-6225-4608-9296-0ddde8fe8427" />
    <UnitTestResult executionId="94affae1-597c-4ada-96b6-c85730e9b4bc" testId="5a5587a8-fc18-efe2-a1e5-a96a7549f8aa" testName="Foundgine.SupplyChain.PenTest.Tests.GraphPenetrationTests.No_credentials_are_rejected" computerName="LAPTOP-CEL5O7NM" duration="00:00:00.0396127" startTime="2026-09-02T16:53:58.8428939+12:00" endTime="2026-09-02T16:53:58.8828620+12:00" testType="13cdc9d9-ddb5-4fa4-a97d-d965ccfc6d4b" outcome="Passed" testListId="8c84fa94-04c1-424b-9868-57a2d4851a1d" relativeResultsDirectory="94affae1-597c-4ada-96b6-c85730e9b4bc" />
    <UnitTestResult executionId="891ede7c-fc7d-4334-b3c2-8932633ee33e" testId="1056b0b9-6311-a70c-cceb-5feab039f23e" testName="Foundgine.SupplyChain.PenTest.Tests.McpPenetrationTests.Customer_cannot_read_another_customers_order_scope_idor" computerName="LAPTOP-CEL5O7NM" duration="00:00:11.5510792" startTime="2026-09-02T16:53:44.4671930+12:00" endTime="2026-09-02T16:53:56.4948266+12:00" testType="13cdc9d9-ddb5-4fa4-a97d-d965ccfc6d4b" outcome="Passed" testListId="8c84fa94-04c1-424b-9868-57a2d4851a1d" relativeResultsDirectory="891ede7c-fc7d-4334-b3c2-8932633ee33e" />
    <UnitTestResult executionId="39091e81-a9d4-49ce-95c4-accba277f317" testId="89c4601b-a265-e3b9-82e6-64ec62c5b6c2" testName="Foundgine.SupplyChain.PenTest.Tests.McpPenetrationTests.Unknown_actor_and_known_actor_with_wrong_token_give_identical_errors" computerName="LAPTOP-CEL5O7NM" duration="00:00:00.8269237" startTime="2026-09-02T16:53:56.5091939+12:00" endTime="2026-09-02T16:53:57.3228537+12:00" testType="13cdc9d9-ddb5-4fa4-a97d-d965ccfc6d4b" outcome="Passed" testListId="8c84fa94-04c1-424b-9868-57a2d4851a1d" relativeResultsDirectory="39091e81-a9d4-49ce-95c4-accba277f317" />
    <UnitTestResult executionId="63752e0a-10ce-4f4f-ab27-aea81edb445a" testId="83d4d2cf-771f-b260-fc2e-cc6d90589f89" testName="Foundgine.SupplyChain.PenTest.Tests.McpPenetrationTests.Wrong_token_for_a_real_actor_is_rejected" computerName="LAPTOP-CEL5O7NM" duration="00:00:00.0149509" startTime="2026-09-02T16:53:58.9876535+12:00" endTime="2026-09-02T16:53:59.0028439+12:00" testType="13cdc9d9-ddb5-4fa4-a97d-d965ccfc6d4b" outcome="Passed" testListId="8c84fa94-04c1-424b-9868-57a2d4851a1d" relativeResultsDirectory="63752e0a-10ce-4f4f-ab27-aea81edb445a" />
    <UnitTestResult executionId="36b4a0c6-94d2-4ab0-87f6-b16ac7f208a6" testId="74042852-37e8-f858-3596-d89b94b85dd2" testName="Foundgine.SupplyChain.PenTest.Tests.GraphPenetrationTests.Authorization_failure_does_not_leak_internal_exception_details" computerName="LAPTOP-CEL5O7NM" duration="00:00:00.5152982" startTime="2026-09-02T16:53:58.2765461+12:00" endTime="2026-09-02T16:53:58.7921846+12:00" testType="13cdc9d9-ddb5-4fa4-a97d-d965ccfc6d4b" outcome="Passed" testListId="8c84fa94-04c1-424b-9868-57a2d4851a1d" relativeResultsDirectory="36b4a0c6-94d2-4ab0-87f6-b16ac7f208a6" />
    <UnitTestResult executionId="12119fa0-d5f3-4b71-816f-d80a9f762e0e" testId="c3c24d0c-bcbf-af16-44e3-8d30f6ce25c3" testName="Foundgine.SupplyChain.PenTest.Tests.GraphPenetrationTests.Injection_payload_in_tracking_number_is_stored_as_literal_text_not_executed" computerName="LAPTOP-CEL5O7NM" duration="00:00:00.1349728" startTime="2026-09-02T16:53:58.8831044+12:00" endTime="2026-09-02T16:53:59.0183850+12:00" testType="13cdc9d9-ddb5-4fa4-a97d-d965ccfc6d4b" outcome="Passed" testListId="8c84fa94-04c1-424b-9868-57a2d4851a1d" relativeResultsDirectory="12119fa0-d5f3-4b71-816f-d80a9f762e0e" />
    <UnitTestResult executionId="4524d189-7a46-4c07-8d60-2054b2a1c60f" testId="be519e14-ce63-5ad1-7730-e39e76e7693a" testName="Foundgine.SupplyChain.PenTest.Tests.McpPenetrationTests.Customer_cannot_escalate_to_a_warehouse_only_capability" computerName="LAPTOP-CEL5O7NM" duration="00:00:00.0154526" startTime="2026-09-02T16:53:58.9713889+12:00" endTime="2026-09-02T16:53:58.9871476+12:00" testType="13cdc9d9-ddb5-4fa4-a97d-d965ccfc6d4b" outcome="Passed" testListId="8c84fa94-04c1-424b-9868-57a2d4851a1d" relativeResultsDirectory="4524d189-7a46-4c07-8d60-2054b2a1c60f" />
  </Results>
  <TestDefinitions>
    <UnitTest name="Foundgine.SupplyChain.PenTest.Tests.GraphPenetrationTests.Unknown_actor_and_known_actor_with_wrong_token_give_identical_errors" storage="c:\foundgine\samples\foundgine.supplychain.pentest\tests\bin\release\net9.0\foundgine.supplychain.pentest.tests.dll" id="e2fa6a3f-47e4-d08d-3a80-887221a6f7c8">
      <Execution id="10828643-6225-4608-9296-0ddde8fe8427" />
      <TestMethod codeBase="C:\Foundgine\samples\Foundgine.SupplyChain.PenTest\Tests\bin\Release\net9.0\Foundgine.SupplyChain.PenTest.Tests.dll" adapterTypeName="executor://xunit/VsTestRunner3/netcore/" className="Foundgine.SupplyChain.PenTest.Tests.GraphPenetrationTests" name="Unknown_actor_and_known_actor_with_wrong_token_give_identical_errors" />
    </UnitTest>
    <UnitTest name="Foundgine.SupplyChain.PenTest.Tests.GraphPenetrationTests.Customer_cannot_escalate_to_a_warehouse_only_capability" storage="c:\foundgine\samples\foundgine.supplychain.pentest\tests\bin\release\net9.0\foundgine.supplychain.pentest.tests.dll" id="faafd8c1-a988-6c5e-12d7-9a820226490d">
      <Execution id="2bbce1ef-1325-4919-8f38-bb9db2735cee" />
      <TestMethod codeBase="C:\Foundgine\samples\Foundgine.SupplyChain.PenTest\Tests\bin\Release\net9.0\Foundgine.SupplyChain.PenTest.Tests.dll" adapterTypeName="executor://xunit/VsTestRunner3/netcore/" className="Foundgine.SupplyChain.PenTest.Tests.GraphPenetrationTests" name="Customer_cannot_escalate_to_a_warehouse_only_capability" />
    </UnitTest>
    <UnitTest name="Foundgine.SupplyChain.PenTest.Tests.GraphPenetrationTests.Injection_payload_in_tracking_number_is_stored_as_literal_text_not_executed" storage="c:\foundgine\samples\foundgine.supplychain.pentest\tests\bin\release\net9.0\foundgine.supplychain.pentest.tests.dll" id="c3c24d0c-bcbf-af16-44e3-8d30f6ce25c3">
      <Execution id="12119fa0-d5f3-4b71-816f-d80a9f762e0e" />
      <TestMethod codeBase="C:\Foundgine\samples\Foundgine.SupplyChain.PenTest\Tests\bin\Release\net9.0\Foundgine.SupplyChain.PenTest.Tests.dll" adapterTypeName="executor://xunit/VsTestRunner3/netcore/" className="Foundgine.SupplyChain.PenTest.Tests.GraphPenetrationTests" name="Injection_payload_in_tracking_number_is_stored_as_literal_text_not_executed" />
    </UnitTest>
    <UnitTest name="Foundgine.SupplyChain.PenTest.Tests.McpPenetrationTests.Injection_payload_in_tracking_number_is_stored_as_literal_text_not_executed" storage="c:\foundgine\samples\foundgine.supplychain.pentest\tests\bin\release\net9.0\foundgine.supplychain.pentest.tests.dll" id="6d7ecdda-88c9-32a6-0bd4-3c065daa5122">
      <Execution id="7b5e6094-a975-4da1-85ab-5a4cf9535059" />
      <TestMethod codeBase="C:\Foundgine\samples\Foundgine.SupplyChain.PenTest\Tests\bin\Release\net9.0\Foundgine.SupplyChain.PenTest.Tests.dll" adapterTypeName="executor://xunit/VsTestRunner3/netcore/" className="Foundgine.SupplyChain.PenTest.Tests.McpPenetrationTests" name="Injection_payload_in_tracking_number_is_stored_as_literal_text_not_executed" />
    </UnitTest>
    <UnitTest name="Foundgine.SupplyChain.PenTest.Tests.McpPenetrationTests.No_credentials_are_rejected" storage="c:\foundgine\samples\foundgine.supplychain.pentest\tests\bin\release\net9.0\foundgine.supplychain.pentest.tests.dll" id="209bb598-1a62-8653-1b4e-6cb1b48e36f3">
      <Execution id="d8021d56-ca55-40bd-b390-039fac675e44" />
      <TestMethod codeBase="C:\Foundgine\samples\Foundgine.SupplyChain.PenTest\Tests\bin\Release\net9.0\Foundgine.SupplyChain.PenTest.Tests.dll" adapterTypeName="executor://xunit/VsTestRunner3/netcore/" className="Foundgine.SupplyChain.PenTest.Tests.McpPenetrationTests" name="No_credentials_are_rejected" />
    </UnitTest>
    <UnitTest name="Foundgine.SupplyChain.PenTest.Tests.GraphPenetrationTests.Customer_cannot_read_another_customers_order_scope_idor" storage="c:\foundgine\samples\foundgine.supplychain.pentest\tests\bin\release\net9.0\foundgine.supplychain.pentest.tests.dll" id="bc7017de-aa12-b0de-fc55-c066e9878b8f">
      <Execution id="55134f89-6814-49b6-a249-e0fa6e8eeba8" />
      <TestMethod codeBase="C:\Foundgine\samples\Foundgine.SupplyChain.PenTest\Tests\bin\Release\net9.0\Foundgine.SupplyChain.PenTest.Tests.dll" adapterTypeName="executor://xunit/VsTestRunner3/netcore/" className="Foundgine.SupplyChain.PenTest.Tests.GraphPenetrationTests" name="Customer_cannot_read_another_customers_order_scope_idor" />
    </UnitTest>
    <UnitTest name="Foundgine.SupplyChain.PenTest.Tests.McpPenetrationTests.Customer_cannot_read_another_customers_order_scope_idor" storage="c:\foundgine\samples\foundgine.supplychain.pentest\tests\bin\release\net9.0\foundgine.supplychain.pentest.tests.dll" id="1056b0b9-6311-a70c-cceb-5feab039f23e">
      <Execution id="891ede7c-fc7d-4334-b3c2-8932633ee33e" />
      <TestMethod codeBase="C:\Foundgine\samples\Foundgine.SupplyChain.PenTest\Tests\bin\Release\net9.0\Foundgine.SupplyChain.PenTest.Tests.dll" adapterTypeName="executor://xunit/VsTestRunner3/netcore/" className="Foundgine.SupplyChain.PenTest.Tests.McpPenetrationTests" name="Customer_cannot_read_another_customers_order_scope_idor" />
    </UnitTest>
    <UnitTest name="Foundgine.SupplyChain.PenTest.Tests.McpPenetrationTests.Wrong_token_for_a_real_actor_is_rejected" storage="c:\foundgine\samples\foundgine.supplychain.pentest\tests\bin\release\net9.0\foundgine.supplychain.pentest.tests.dll" id="83d4d2cf-771f-b260-fc2e-cc6d90589f89">
      <Execution id="63752e0a-10ce-4f4f-ab27-aea81edb445a" />
      <TestMethod codeBase="C:\Foundgine\samples\Foundgine.SupplyChain.PenTest\Tests\bin\Release\net9.0\Foundgine.SupplyChain.PenTest.Tests.dll" adapterTypeName="executor://xunit/VsTestRunner3/netcore/" className="Foundgine.SupplyChain.PenTest.Tests.McpPenetrationTests" name="Wrong_token_for_a_real_actor_is_rejected" />
    </UnitTest>
    <UnitTest name="Foundgine.SupplyChain.PenTest.Tests.McpPenetrationTests.Customer_can_read_own_order" storage="c:\foundgine\samples\foundgine.supplychain.pentest\tests\bin\release\net9.0\foundgine.supplychain.pentest.tests.dll" id="575fb066-2412-fa3b-4ec8-ff91de1bac0c">
      <Execution id="1ef4bb05-3988-403a-8f10-b0d8b060bed5" />
      <TestMethod codeBase="C:\Foundgine\samples\Foundgine.SupplyChain.PenTest\Tests\bin\Release\net9.0\Foundgine.SupplyChain.PenTest.Tests.dll" adapterTypeName="executor://xunit/VsTestRunner3/netcore/" className="Foundgine.SupplyChain.PenTest.Tests.McpPenetrationTests" name="Customer_can_read_own_order" />
    </UnitTest>
    <UnitTest name="Foundgine.SupplyChain.PenTest.Tests.GraphPenetrationTests.Authorization_failure_does_not_leak_internal_exception_details" storage="c:\foundgine\samples\foundgine.supplychain.pentest\tests\bin\release\net9.0\foundgine.supplychain.pentest.tests.dll" id="74042852-37e8-f858-3596-d89b94b85dd2">
      <Execution id="36b4a0c6-94d2-4ab0-87f6-b16ac7f208a6" />
      <TestMethod codeBase="C:\Foundgine\samples\Foundgine.SupplyChain.PenTest\Tests\bin\Release\net9.0\Foundgine.SupplyChain.PenTest.Tests.dll" adapterTypeName="executor://xunit/VsTestRunner3/netcore/" className="Foundgine.SupplyChain.PenTest.Tests.GraphPenetrationTests" name="Authorization_failure_does_not_leak_internal_exception_details" />
    </UnitTest>
    <UnitTest name="Foundgine.SupplyChain.PenTest.Tests.GraphPenetrationTests.Wrong_token_for_a_real_actor_is_rejected" storage="c:\foundgine\samples\foundgine.supplychain.pentest\tests\bin\release\net9.0\foundgine.supplychain.pentest.tests.dll" id="59198e78-8b7b-7deb-9aa8-ccba7efcce0d">
      <Execution id="57f5ffba-1452-472f-b2a3-8d9de2898c12" />
      <TestMethod codeBase="C:\Foundgine\samples\Foundgine.SupplyChain.PenTest\Tests\bin\Release\net9.0\Foundgine.SupplyChain.PenTest.Tests.dll" adapterTypeName="executor://xunit/VsTestRunner3/netcore/" className="Foundgine.SupplyChain.PenTest.Tests.GraphPenetrationTests" name="Wrong_token_for_a_real_actor_is_rejected" />
    </UnitTest>
    <UnitTest name="Foundgine.SupplyChain.PenTest.Tests.GraphPenetrationTests.No_credentials_are_rejected" storage="c:\foundgine\samples\foundgine.supplychain.pentest\tests\bin\release\net9.0\foundgine.supplychain.pentest.tests.dll" id="5a5587a8-fc18-efe2-a1e5-a96a7549f8aa">
      <Execution id="94affae1-597c-4ada-96b6-c85730e9b4bc" />
      <TestMethod codeBase="C:\Foundgine\samples\Foundgine.SupplyChain.PenTest\Tests\bin\Release\net9.0\Foundgine.SupplyChain.PenTest.Tests.dll" adapterTypeName="executor://xunit/VsTestRunner3/netcore/" className="Foundgine.SupplyChain.PenTest.Tests.GraphPenetrationTests" name="No_credentials_are_rejected" />
    </UnitTest>
    <UnitTest name="Foundgine.SupplyChain.PenTest.Tests.McpPenetrationTests.Customer_cannot_escalate_to_a_warehouse_only_capability" storage="c:\foundgine\samples\foundgine.supplychain.pentest\tests\bin\release\net9.0\foundgine.supplychain.pentest.tests.dll" id="be519e14-ce63-5ad1-7730-e39e76e7693a">
      <Execution id="4524d189-7a46-4c07-8d60-2054b2a1c60f" />
      <TestMethod codeBase="C:\Foundgine\samples\Foundgine.SupplyChain.PenTest\Tests\bin\Release\net9.0\Foundgine.SupplyChain.PenTest.Tests.dll" adapterTypeName="executor://xunit/VsTestRunner3/netcore/" className="Foundgine.SupplyChain.PenTest.Tests.McpPenetrationTests" name="Customer_cannot_escalate_to_a_warehouse_only_capability" />
    </UnitTest>
    <UnitTest name="Foundgine.SupplyChain.PenTest.Tests.McpPenetrationTests.Unknown_actor_and_known_actor_with_wrong_token_give_identical_errors" storage="c:\foundgine\samples\foundgine.supplychain.pentest\tests\bin\release\net9.0\foundgine.supplychain.pentest.tests.dll" id="89c4601b-a265-e3b9-82e6-64ec62c5b6c2">
      <Execution id="39091e81-a9d4-49ce-95c4-accba277f317" />
      <TestMethod codeBase="C:\Foundgine\samples\Foundgine.SupplyChain.PenTest\Tests\bin\Release\net9.0\Foundgine.SupplyChain.PenTest.Tests.dll" adapterTypeName="executor://xunit/VsTestRunner3/netcore/" className="Foundgine.SupplyChain.PenTest.Tests.McpPenetrationTests" name="Unknown_actor_and_known_actor_with_wrong_token_give_identical_errors" />
    </UnitTest>
  </TestDefinitions>
  <TestEntries>
    <TestEntry testId="209bb598-1a62-8653-1b4e-6cb1b48e36f3" executionId="d8021d56-ca55-40bd-b390-039fac675e44" testListId="8c84fa94-04c1-424b-9868-57a2d4851a1d" />
    <TestEntry testId="6d7ecdda-88c9-32a6-0bd4-3c065daa5122" executionId="7b5e6094-a975-4da1-85ab-5a4cf9535059" testListId="8c84fa94-04c1-424b-9868-57a2d4851a1d" />
    <TestEntry testId="faafd8c1-a988-6c5e-12d7-9a820226490d" executionId="2bbce1ef-1325-4919-8f38-bb9db2735cee" testListId="8c84fa94-04c1-424b-9868-57a2d4851a1d" />
    <TestEntry testId="575fb066-2412-fa3b-4ec8-ff91de1bac0c" executionId="1ef4bb05-3988-403a-8f10-b0d8b060bed5" testListId="8c84fa94-04c1-424b-9868-57a2d4851a1d" />
    <TestEntry testId="bc7017de-aa12-b0de-fc55-c066e9878b8f" executionId="55134f89-6814-49b6-a249-e0fa6e8eeba8" testListId="8c84fa94-04c1-424b-9868-57a2d4851a1d" />
    <TestEntry testId="59198e78-8b7b-7deb-9aa8-ccba7efcce0d" executionId="57f5ffba-1452-472f-b2a3-8d9de2898c12" testListId="8c84fa94-04c1-424b-9868-57a2d4851a1d" />
    <TestEntry testId="e2fa6a3f-47e4-d08d-3a80-887221a6f7c8" executionId="10828643-6225-4608-9296-0ddde8fe8427" testListId="8c84fa94-04c1-424b-9868-57a2d4851a1d" />
    <TestEntry testId="5a5587a8-fc18-efe2-a1e5-a96a7549f8aa" executionId="94affae1-597c-4ada-96b6-c85730e9b4bc" testListId="8c84fa94-04c1-424b-9868-57a2d4851a1d" />
    <TestEntry testId="1056b0b9-6311-a70c-cceb-5feab039f23e" executionId="891ede7c-fc7d-4334-b3c2-8932633ee33e" testListId="8c84fa94-04c1-424b-9868-57a2d4851a1d" />
    <TestEntry testId="89c4601b-a265-e3b9-82e6-64ec62c5b6c2" executionId="39091e81-a9d4-49ce-95c4-accba277f317" testListId="8c84fa94-04c1-424b-9868-57a2d4851a1d" />
    <TestEntry testId="83d4d2cf-771f-b260-fc2e-cc6d90589f89" executionId="63752e0a-10ce-4f4f-ab27-aea81edb445a" testListId="8c84fa94-04c1-424b-9868-57a2d4851a1d" />
    <TestEntry testId="74042852-37e8-f858-3596-d89b94b85dd2" executionId="36b4a0c6-94d2-4ab0-87f6-b16ac7f208a6" testListId="8c84fa94-04c1-424b-9868-57a2d4851a1d" />
    <TestEntry testId="c3c24d0c-bcbf-af16-44e3-8d30f6ce25c3" executionId="12119fa0-d5f3-4b71-816f-d80a9f762e0e" testListId="8c84fa94-04c1-424b-9868-57a2d4851a1d" />
    <TestEntry testId="be519e14-ce63-5ad1-7730-e39e76e7693a" executionId="4524d189-7a46-4c07-8d60-2054b2a1c60f" testListId="8c84fa94-04c1-424b-9868-57a2d4851a1d" />
  </TestEntries>
  <TestLists>
    <TestList name="Results Not in a List" id="8c84fa94-04c1-424b-9868-57a2d4851a1d" />
    <TestList name="All Loaded Results" id="19431567-8539-422a-85d7-44ee4e166bda" />
  </TestLists>
  <ResultSummary outcome="Completed">
    <Counters total="14" executed="14" passed="14" failed="0" error="0" timeout="0" aborted="0" inconclusive="0" passedButRunAborted="0" notRunnable="0" notExecuted="0" disconnected="0" warning="0" completed="0" inProgress="0" pending="0" />
    <Output>
      <StdOut>[xUnit.net 00:00:00.00] xUnit.net VSTest Adapter v3.1.5+1b188a7b0a (64-bit .NET 9.0.8)&#xD;
[xUnit.net 00:00:01.44]   Discovering: Foundgine.SupplyChain.PenTest.Tests&#xD;
[xUnit.net 00:00:01.48]   Discovered:  Foundgine.SupplyChain.PenTest.Tests&#xD;
[xUnit.net 00:00:01.49]   Starting:    Foundgine.SupplyChain.PenTest.Tests&#xD;
dbug: Microsoft.Extensions.Hosting.Internal.Host[1]&#xD;
      Hosting starting&#xD;
dbug: Microsoft.Extensions.Hosting.Internal.Host[1]&#xD;
      Hosting starting&#xD;
dbug: Microsoft.Extensions.Hosting.Internal.Host[2]&#xD;
      Hosting started&#xD;
info: Microsoft.AspNetCore.Hosting.Diagnostics[1]&#xD;
      Request starting HTTP/1.1 POST http://localhost/mcp - application/json;+charset=utf-8 192&#xD;
info: Microsoft.AspNetCore.Routing.EndpointMiddleware[0]&#xD;
      Executing endpoint 'MCP Streamable HTTP | HTTP: POST /mcp/'&#xD;
dbug: ModelContextProtocol.Server.McpServer[330297028]&#xD;
      Server (testhost 15.0.0.0) read JsonRpcRequest message from channel.&#xD;
info: ModelContextProtocol.Server.McpServer[570385771]&#xD;
      Server (testhost 15.0.0.0) method 'tools/call' request handler called.&#xD;
info: ModelContextProtocol.Server.McpServer[2065726448]&#xD;
      "get_order" completed. IsError = False.&#xD;
dbug: ModelContextProtocol.Server.McpServer[1374391956]&#xD;
      Server (testhost 15.0.0.0) sending message.&#xD;
info: ModelContextProtocol.Server.McpServer[1867955179]&#xD;
      Server (testhost 15.0.0.0) method 'tools/call' request handler completed in 42.605ms.&#xD;
info: Microsoft.AspNetCore.Routing.EndpointMiddleware[1]&#xD;
      Executed endpoint 'MCP Streamable HTTP | HTTP: POST /mcp/'&#xD;
info: Microsoft.AspNetCore.Hosting.Diagnostics[2]&#xD;
      Request finished HTTP/1.1 POST http://localhost/mcp - 200 - text/event-stream 345.8973ms&#xD;
dbug: Microsoft.Extensions.Hosting.Internal.Host[1]&#xD;
      Hosting starting&#xD;
dbug: Microsoft.Extensions.Hosting.Internal.Host[2]&#xD;
      Hosting started&#xD;
info: Microsoft.AspNetCore.Hosting.Diagnostics[1]&#xD;
      Request starting HTTP/1.1 POST http://localhost/mcp - application/json;+charset=utf-8 177&#xD;
info: Microsoft.AspNetCore.Routing.EndpointMiddleware[0]&#xD;
      Executing endpoint 'MCP Streamable HTTP | HTTP: POST /mcp/'&#xD;
dbug: Microsoft.Extensions.Hosting.Internal.Host[2]&#xD;
      Hosting started&#xD;
dbug: ModelContextProtocol.Server.McpServer[330297028]&#xD;
      Server (testhost 15.0.0.0) read JsonRpcRequest message from channel.&#xD;
info: ModelContextProtocol.Server.McpServer[570385771]&#xD;
      Server (testhost 15.0.0.0) method 'tools/call' request handler called.&#xD;
info: ModelContextProtocol.Server.McpServer[2065726448]&#xD;
      "list_products" completed. IsError = False.&#xD;
dbug: ModelContextProtocol.Server.McpServer[1374391956]&#xD;
      Server (testhost 15.0.0.0) sending message.&#xD;
info: ModelContextProtocol.Server.McpServer[1867955179]&#xD;
      Server (testhost 15.0.0.0) method 'tools/call' request handler completed in 1.6796ms.&#xD;
info: Microsoft.AspNetCore.Routing.EndpointMiddleware[1]&#xD;
      Executed endpoint 'MCP Streamable HTTP | HTTP: POST /mcp/'&#xD;
info: Microsoft.AspNetCore.Hosting.Diagnostics[2]&#xD;
      Request finished HTTP/1.1 POST http://localhost/mcp - 200 - text/event-stream 5.2214ms&#xD;
info: Microsoft.AspNetCore.Hosting.Diagnostics[1]&#xD;
      Request starting HTTP/1.1 POST http://localhost/mcp - application/json;+charset=utf-8 162&#xD;
info: Microsoft.AspNetCore.Routing.EndpointMiddleware[0]&#xD;
      Executing endpoint 'MCP Streamable HTTP | HTTP: POST /mcp/'&#xD;
dbug: ModelContextProtocol.Server.McpServer[330297028]&#xD;
      Server (testhost 15.0.0.0) read JsonRpcRequest message from channel.&#xD;
info: ModelContextProtocol.Server.McpServer[570385771]&#xD;
      Server (testhost 15.0.0.0) method 'tools/call' request handler called.&#xD;
info: Microsoft.AspNetCore.Hosting.Diagnostics[1]&#xD;
      Request starting HTTP/1.1 POST http://localhost/graphql - application/json;+charset=utf-8 149&#xD;
info: ModelContextProtocol.Server.McpServer[2065726448]&#xD;
      "list_products" completed. IsError = False.&#xD;
dbug: ModelContextProtocol.Server.McpServer[1374391956]&#xD;
      Server (testhost 15.0.0.0) sending message.&#xD;
info: ModelContextProtocol.Server.McpServer[1867955179]&#xD;
      Server (testhost 15.0.0.0) method 'tools/call' request handler completed in 0.7871ms.&#xD;
info: Microsoft.AspNetCore.Routing.EndpointMiddleware[1]&#xD;
      Executed endpoint 'MCP Streamable HTTP | HTTP: POST /mcp/'&#xD;
info: Microsoft.AspNetCore.Hosting.Diagnostics[2]&#xD;
      Request finished HTTP/1.1 POST http://localhost/mcp - 200 - text/event-stream 2.4563ms&#xD;
info: Microsoft.AspNetCore.Routing.EndpointMiddleware[0]&#xD;
      Executing endpoint 'Hot Chocolate GraphQL Pipeline'&#xD;
dbug: Microsoft.Extensions.Hosting.Internal.Host[1]&#xD;
      Hosting starting&#xD;
dbug: Microsoft.Extensions.Hosting.Internal.Host[2]&#xD;
      Hosting started&#xD;
info: Microsoft.AspNetCore.Hosting.Diagnostics[1]&#xD;
      Request starting HTTP/1.1 POST http://localhost/mcp - application/json;+charset=utf-8 299&#xD;
info: Microsoft.AspNetCore.Routing.EndpointMiddleware[0]&#xD;
      Executing endpoint 'MCP Streamable HTTP | HTTP: POST /mcp/'&#xD;
dbug: ModelContextProtocol.Server.McpServer[330297028]&#xD;
      Server (testhost 15.0.0.0) read JsonRpcRequest message from channel.&#xD;
info: ModelContextProtocol.Server.McpServer[570385771]&#xD;
      Server (testhost 15.0.0.0) method 'tools/call' request handler called.&#xD;
info: ModelContextProtocol.Server.McpServer[2065726448]&#xD;
      "place_order" completed. IsError = False.&#xD;
dbug: ModelContextProtocol.Server.McpServer[1374391956]&#xD;
      Server (testhost 15.0.0.0) sending message.&#xD;
info: ModelContextProtocol.Server.McpServer[1867955179]&#xD;
      Server (testhost 15.0.0.0) method 'tools/call' request handler completed in 58.3551ms.&#xD;
info: Microsoft.AspNetCore.Routing.EndpointMiddleware[1]&#xD;
      Executed endpoint 'MCP Streamable HTTP | HTTP: POST /mcp/'&#xD;
info: Microsoft.AspNetCore.Hosting.Diagnostics[2]&#xD;
      Request finished HTTP/1.1 POST http://localhost/mcp - 200 - text/event-stream 61.4168ms&#xD;
info: Microsoft.AspNetCore.Hosting.Diagnostics[1]&#xD;
      Request starting HTTP/1.1 POST http://localhost/mcp - application/json;+charset=utf-8 193&#xD;
info: Microsoft.AspNetCore.Routing.EndpointMiddleware[0]&#xD;
      Executing endpoint 'MCP Streamable HTTP | HTTP: POST /mcp/'&#xD;
dbug: ModelContextProtocol.Server.McpServer[330297028]&#xD;
      Server (testhost 15.0.0.0) read JsonRpcRequest message from channel.&#xD;
info: ModelContextProtocol.Server.McpServer[570385771]&#xD;
      Server (testhost 15.0.0.0) method 'tools/call' request handler called.&#xD;
fail: LoggingErrorFilter[0]&#xD;
      GraphQL execution error: Unexpected Execution Error&#xD;
      System.UnauthorizedAccessException: Invalid actor credentials.&#xD;
         at Foundgine.SupplyChain.Application.SupplyChainAuthorizer.Authenticate(String actor, String token) in C:\Foundgine\samples\Foundgine.SupplyChain\Application\Authorization.cs:line 63&#xD;
         at Foundgine.SupplyChain.Application.SupplyChainAuthorizer.Demand(String actor, String token, String capability, Nullable`1 customerId) in C:\Foundgine\samples\Foundgine.SupplyChain\Application\Authorization.cs:line 73&#xD;
         at lambda_method48(Closure, IResolverContext)&#xD;
         at HotChocolate.Types.Helpers.FieldMiddlewareCompiler.&lt;&gt;c__DisplayClass9_0.&lt;&lt;CreateResolverMiddleware&gt;b__0&gt;d.MoveNext()&#xD;
      --- End of stack trace from previous location ---&#xD;
         at HotChocolate.Execution.Processing.Tasks.ResolverTask.ExecuteResolverPipelineAsync(CancellationToken cancellationToken)&#xD;
         at HotChocolate.Execution.Processing.Tasks.ResolverTask.TryExecuteAsync(CancellationToken cancellationToken)&#xD;
info: Microsoft.AspNetCore.Routing.EndpointMiddleware[1]&#xD;
      Executed endpoint 'Hot Chocolate GraphQL Pipeline'&#xD;
info: Microsoft.AspNetCore.Hosting.Diagnostics[2]&#xD;
      Request finished HTTP/1.1 POST http://localhost/graphql - 200 - application/graphql-response+json;+charset=utf-8 1361.2836ms&#xD;
dbug: Microsoft.Extensions.Hosting.Internal.Host[1]&#xD;
      Hosting starting&#xD;
dbug: Microsoft.Extensions.Hosting.Internal.Host[2]&#xD;
      Hosting started&#xD;
info: Microsoft.AspNetCore.Hosting.Diagnostics[1]&#xD;
      Request starting HTTP/1.1 POST http://localhost/graphql - application/json;+charset=utf-8 144&#xD;
info: Microsoft.AspNetCore.Routing.EndpointMiddleware[0]&#xD;
      Executing endpoint 'Hot Chocolate GraphQL Pipeline'&#xD;
fail: LoggingErrorFilter[0]&#xD;
      GraphQL execution error: Unexpected Execution Error&#xD;
      System.UnauthorizedAccessException: Invalid actor credentials.&#xD;
         at Foundgine.SupplyChain.Application.SupplyChainAuthorizer.Authenticate(String actor, String token) in C:\Foundgine\samples\Foundgine.SupplyChain\Application\Authorization.cs:line 63&#xD;
         at Foundgine.SupplyChain.Application.SupplyChainAuthorizer.Demand(String actor, String token, String capability, Nullable`1 customerId) in C:\Foundgine\samples\Foundgine.SupplyChain\Application\Authorization.cs:line 73&#xD;
         at lambda_method93(Closure, IResolverContext)&#xD;
         at HotChocolate.Types.Helpers.FieldMiddlewareCompiler.&lt;&gt;c__DisplayClass9_0.&lt;&lt;CreateResolverMiddleware&gt;b__0&gt;d.MoveNext()&#xD;
      --- End of stack trace from previous location ---&#xD;
         at HotChocolate.Execution.Processing.Tasks.ResolverTask.ExecuteResolverPipelineAsync(CancellationToken cancellationToken)&#xD;
         at HotChocolate.Execution.Processing.Tasks.ResolverTask.TryExecuteAsync(CancellationToken cancellationToken)&#xD;
info: Microsoft.AspNetCore.Routing.EndpointMiddleware[1]&#xD;
      Executed endpoint 'Hot Chocolate GraphQL Pipeline'&#xD;
info: Microsoft.AspNetCore.Hosting.Diagnostics[2]&#xD;
      Request finished HTTP/1.1 POST http://localhost/graphql - 200 - application/graphql-response+json;+charset=utf-8 473.6827ms&#xD;
dbug: Microsoft.Extensions.Hosting.Internal.Host[1]&#xD;
      Hosting starting&#xD;
dbug: Microsoft.Extensions.Hosting.Internal.Host[2]&#xD;
      Hosting started&#xD;
info: Microsoft.AspNetCore.Hosting.Diagnostics[1]&#xD;
      Request starting HTTP/1.1 POST http://localhost/graphql - application/json;+charset=utf-8 242&#xD;
info: Microsoft.AspNetCore.Routing.EndpointMiddleware[0]&#xD;
      Executing endpoint 'Hot Chocolate GraphQL Pipeline'&#xD;
info: ModelContextProtocol.Server.McpServer[2065726448]&#xD;
      "get_order" completed. IsError = False.&#xD;
dbug: ModelContextProtocol.Server.McpServer[1374391956]&#xD;
      Server (testhost 15.0.0.0) sending message.&#xD;
info: ModelContextProtocol.Server.McpServer[1867955179]&#xD;
      Server (testhost 15.0.0.0) method 'tools/call' request handler completed in 1425.3672ms.&#xD;
info: Microsoft.AspNetCore.Routing.EndpointMiddleware[1]&#xD;
      Executed endpoint 'MCP Streamable HTTP | HTTP: POST /mcp/'&#xD;
info: Microsoft.AspNetCore.Hosting.Diagnostics[2]&#xD;
      Request finished HTTP/1.1 POST http://localhost/mcp - 200 - text/event-stream 1426.7261ms&#xD;
fail: LoggingErrorFilter[0]&#xD;
      GraphQL execution error: Unexpected Execution Error&#xD;
      System.UnauthorizedAccessException: Actor 'alice' is not authorized for capability 'update_inventory'.&#xD;
         at Foundgine.SupplyChain.Application.SupplyChainAuthorizer.Demand(String actor, String token, String capability, Nullable`1 customerId) in C:\Foundgine\samples\Foundgine.SupplyChain\Application\Authorization.cs:line 138&#xD;
         at lambda_method127(Closure, IResolverContext)&#xD;
         at HotChocolate.Types.Helpers.FieldMiddlewareCompiler.&lt;&gt;c__DisplayClass9_0.&lt;&lt;CreateResolverMiddleware&gt;b__0&gt;d.MoveNext()&#xD;
      --- End of stack trace from previous location ---&#xD;
         at HotChocolate.Execution.Processing.Tasks.ResolverTask.ExecuteResolverPipelineAsync(CancellationToken cancellationToken)&#xD;
         at HotChocolate.Execution.Processing.Tasks.ResolverTask.TryExecuteAsync(CancellationToken cancellationToken)&#xD;
info: Microsoft.AspNetCore.Routing.EndpointMiddleware[1]&#xD;
      Executed endpoint 'Hot Chocolate GraphQL Pipeline'&#xD;
info: Microsoft.AspNetCore.Hosting.Diagnostics[2]&#xD;
      Request finished HTTP/1.1 POST http://localhost/graphql - 200 - application/graphql-response+json;+charset=utf-8 21.6477ms&#xD;
dbug: Microsoft.Extensions.Hosting.Internal.Host[1]&#xD;
      Hosting starting&#xD;
dbug: Microsoft.Extensions.Hosting.Internal.Host[2]&#xD;
      Hosting started&#xD;
dbug: Microsoft.Extensions.Hosting.Internal.Host[1]&#xD;
      Hosting starting&#xD;
info: Microsoft.AspNetCore.Hosting.Diagnostics[1]&#xD;
      Request starting HTTP/1.1 POST http://localhost/mcp - application/json;+charset=utf-8 295&#xD;
info: Microsoft.AspNetCore.Routing.EndpointMiddleware[0]&#xD;
      Executing endpoint 'MCP Streamable HTTP | HTTP: POST /mcp/'&#xD;
dbug: ModelContextProtocol.Server.McpServer[330297028]&#xD;
      Server (testhost 15.0.0.0) read JsonRpcRequest message from channel.&#xD;
info: ModelContextProtocol.Server.McpServer[570385771]&#xD;
      Server (testhost 15.0.0.0) method 'tools/call' request handler called.&#xD;
dbug: Microsoft.Extensions.Hosting.Internal.Host[2]&#xD;
      Hosting started&#xD;
info: Microsoft.AspNetCore.Hosting.Diagnostics[1]&#xD;
      Request starting HTTP/1.1 POST http://localhost/graphql - application/json;+charset=utf-8 128&#xD;
info: Microsoft.AspNetCore.Routing.EndpointMiddleware[0]&#xD;
      Executing endpoint 'Hot Chocolate GraphQL Pipeline'&#xD;
fail: LoggingErrorFilter[0]&#xD;
      GraphQL execution error: Unexpected Execution Error&#xD;
      System.UnauthorizedAccessException: Invalid actor credentials.&#xD;
         at Foundgine.SupplyChain.Application.SupplyChainAuthorizer.Authenticate(String actor, String token) in C:\Foundgine\samples\Foundgine.SupplyChain\Application\Authorization.cs:line 63&#xD;
         at Foundgine.SupplyChain.Application.SupplyChainAuthorizer.Demand(String actor, String token, String capability, Nullable`1 customerId) in C:\Foundgine\samples\Foundgine.SupplyChain\Application\Authorization.cs:line 73&#xD;
         at lambda_method153(Closure, IResolverContext)&#xD;
         at HotChocolate.Types.Helpers.FieldMiddlewareCompiler.&lt;&gt;c__DisplayClass9_0.&lt;&lt;CreateResolverMiddleware&gt;b__0&gt;d.MoveNext()&#xD;
      --- End of stack trace from previous location ---&#xD;
         at HotChocolate.Execution.Processing.Tasks.ResolverTask.ExecuteResolverPipelineAsync(CancellationToken cancellationToken)&#xD;
         at HotChocolate.Execution.Processing.Tasks.ResolverTask.TryExecuteAsync(CancellationToken cancellationToken)&#xD;
info: Microsoft.AspNetCore.Routing.EndpointMiddleware[1]&#xD;
      Executed endpoint 'Hot Chocolate GraphQL Pipeline'&#xD;
info: Microsoft.AspNetCore.Hosting.Diagnostics[2]&#xD;
      Request finished HTTP/1.1 POST http://localhost/graphql - 200 - application/graphql-response+json;+charset=utf-8 3.7048ms&#xD;
dbug: Microsoft.Extensions.Hosting.Internal.Host[1]&#xD;
      Hosting starting&#xD;
info: ModelContextProtocol.Server.McpServer[2065726448]&#xD;
      "place_order" completed. IsError = False.&#xD;
dbug: ModelContextProtocol.Server.McpServer[1374391956]&#xD;
      Server (testhost 15.0.0.0) sending message.&#xD;
info: ModelContextProtocol.Server.McpServer[1867955179]&#xD;
      Server (testhost 15.0.0.0) method 'tools/call' request handler completed in 44.1683ms.&#xD;
info: Microsoft.AspNetCore.Routing.EndpointMiddleware[1]&#xD;
      Executed endpoint 'MCP Streamable HTTP | HTTP: POST /mcp/'&#xD;
info: Microsoft.AspNetCore.Hosting.Diagnostics[2]&#xD;
      Request finished HTTP/1.1 POST http://localhost/mcp - 200 - text/event-stream 47.3919ms&#xD;
info: Microsoft.AspNetCore.Hosting.Diagnostics[1]&#xD;
      Request starting HTTP/1.1 POST http://localhost/mcp - application/json;+charset=utf-8 306&#xD;
info: Microsoft.AspNetCore.Routing.EndpointMiddleware[0]&#xD;
      Executing endpoint 'MCP Streamable HTTP | HTTP: POST /mcp/'&#xD;
dbug: ModelContextProtocol.Server.McpServer[330297028]&#xD;
      Server (testhost 15.0.0.0) read JsonRpcRequest message from channel.&#xD;
info: ModelContextProtocol.Server.McpServer[570385771]&#xD;
      Server (testhost 15.0.0.0) method 'tools/call' request handler called.&#xD;
dbug: Microsoft.Extensions.Hosting.Internal.Host[2]&#xD;
      Hosting started&#xD;
info: Microsoft.AspNetCore.Hosting.Diagnostics[1]&#xD;
      Request starting HTTP/1.1 POST http://localhost/graphql - application/json;+charset=utf-8 377&#xD;
info: Microsoft.AspNetCore.Routing.EndpointMiddleware[0]&#xD;
      Executing endpoint 'Hot Chocolate GraphQL Pipeline'&#xD;
info: ModelContextProtocol.Server.McpServer[2065726448]&#xD;
      "create_shipment" completed. IsError = False.&#xD;
dbug: ModelContextProtocol.Server.McpServer[1374391956]&#xD;
      Server (testhost 15.0.0.0) sending message.&#xD;
info: ModelContextProtocol.Server.McpServer[1867955179]&#xD;
      Server (testhost 15.0.0.0) method 'tools/call' request handler completed in 49.352ms.&#xD;
info: Microsoft.AspNetCore.Routing.EndpointMiddleware[1]&#xD;
      Executed endpoint 'MCP Streamable HTTP | HTTP: POST /mcp/'&#xD;
info: Microsoft.AspNetCore.Hosting.Diagnostics[2]&#xD;
      Request finished HTTP/1.1 POST http://localhost/mcp - 200 - text/event-stream 50.7865ms&#xD;
info: Microsoft.AspNetCore.Hosting.Diagnostics[1]&#xD;
      Request starting HTTP/1.1 POST http://localhost/mcp - application/json;+charset=utf-8 169&#xD;
info: Microsoft.AspNetCore.Routing.EndpointMiddleware[0]&#xD;
      Executing endpoint 'MCP Streamable HTTP | HTTP: POST /mcp/'&#xD;
dbug: ModelContextProtocol.Server.McpServer[330297028]&#xD;
      Server (testhost 15.0.0.0) read JsonRpcRequest message from channel.&#xD;
info: ModelContextProtocol.Server.McpServer[570385771]&#xD;
      Server (testhost 15.0.0.0) method 'tools/call' request handler called.&#xD;
info: ModelContextProtocol.Server.McpServer[2065726448]&#xD;
      "list_suppliers" completed. IsError = False.&#xD;
dbug: ModelContextProtocol.Server.McpServer[1374391956]&#xD;
      Server (testhost 15.0.0.0) sending message.&#xD;
info: ModelContextProtocol.Server.McpServer[1867955179]&#xD;
      Server (testhost 15.0.0.0) method 'tools/call' request handler completed in 13.666ms.&#xD;
info: Microsoft.AspNetCore.Routing.EndpointMiddleware[1]&#xD;
      Executed endpoint 'MCP Streamable HTTP | HTTP: POST /mcp/'&#xD;
info: Microsoft.AspNetCore.Hosting.Diagnostics[2]&#xD;
      Request finished HTTP/1.1 POST http://localhost/mcp - 200 - text/event-stream 14.4248ms&#xD;
dbug: Microsoft.Extensions.Hosting.Internal.Host[1]&#xD;
      Hosting starting&#xD;
dbug: Microsoft.Extensions.Hosting.Internal.Host[2]&#xD;
      Hosting started&#xD;
info: Microsoft.AspNetCore.Hosting.Diagnostics[1]&#xD;
      Request starting HTTP/1.1 POST http://localhost/mcp - application/json;+charset=utf-8 218&#xD;
info: Microsoft.AspNetCore.Routing.EndpointMiddleware[0]&#xD;
      Executing endpoint 'MCP Streamable HTTP | HTTP: POST /mcp/'&#xD;
dbug: ModelContextProtocol.Server.McpServer[330297028]&#xD;
      Server (testhost 15.0.0.0) read JsonRpcRequest message from channel.&#xD;
info: ModelContextProtocol.Server.McpServer[570385771]&#xD;
      Server (testhost 15.0.0.0) method 'tools/call' request handler called.&#xD;
info: ModelContextProtocol.Server.McpServer[2065726448]&#xD;
      "update_inventory" completed. IsError = False.&#xD;
dbug: ModelContextProtocol.Server.McpServer[1374391956]&#xD;
      Server (testhost 15.0.0.0) sending message.&#xD;
info: ModelContextProtocol.Server.McpServer[1867955179]&#xD;
      Server (testhost 15.0.0.0) method 'tools/call' request handler completed in 0.9565ms.&#xD;
info: Microsoft.AspNetCore.Routing.EndpointMiddleware[1]&#xD;
      Executed endpoint 'MCP Streamable HTTP | HTTP: POST /mcp/'&#xD;
info: Microsoft.AspNetCore.Hosting.Diagnostics[2]&#xD;
      Request finished HTTP/1.1 POST http://localhost/mcp - 200 - text/event-stream 3.8370ms&#xD;
info: Microsoft.AspNetCore.Routing.EndpointMiddleware[1]&#xD;
      Executed endpoint 'Hot Chocolate GraphQL Pipeline'&#xD;
info: Microsoft.AspNetCore.Hosting.Diagnostics[2]&#xD;
      Request finished HTTP/1.1 POST http://localhost/graphql - 200 - application/graphql-response+json;+charset=utf-8 59.8749ms&#xD;
info: Microsoft.AspNetCore.Hosting.Diagnostics[1]&#xD;
      Request starting HTTP/1.1 POST http://localhost/graphql - application/json;+charset=utf-8 347&#xD;
info: Microsoft.AspNetCore.Routing.EndpointMiddleware[0]&#xD;
      Executing endpoint 'Hot Chocolate GraphQL Pipeline'&#xD;
dbug: Microsoft.Extensions.Hosting.Internal.Host[1]&#xD;
      Hosting starting&#xD;
dbug: Microsoft.Extensions.Hosting.Internal.Host[2]&#xD;
      Hosting started&#xD;
info: Microsoft.AspNetCore.Hosting.Diagnostics[1]&#xD;
      Request starting HTTP/1.1 POST http://localhost/mcp - application/json;+charset=utf-8 170&#xD;
info: Microsoft.AspNetCore.Routing.EndpointMiddleware[0]&#xD;
      Executing endpoint 'MCP Streamable HTTP | HTTP: POST /mcp/'&#xD;
dbug: ModelContextProtocol.Server.McpServer[330297028]&#xD;
      Server (testhost 15.0.0.0) read JsonRpcRequest message from channel.&#xD;
info: ModelContextProtocol.Server.McpServer[570385771]&#xD;
      Server (testhost 15.0.0.0) method 'tools/call' request handler called.&#xD;
info: ModelContextProtocol.Server.McpServer[2065726448]&#xD;
      "list_products" completed. IsError = False.&#xD;
dbug: ModelContextProtocol.Server.McpServer[1374391956]&#xD;
      Server (testhost 15.0.0.0) sending message.&#xD;
info: ModelContextProtocol.Server.McpServer[1867955179]&#xD;
      Server (testhost 15.0.0.0) method 'tools/call' request handler completed in 0.8099ms.&#xD;
info: Microsoft.AspNetCore.Routing.EndpointMiddleware[1]&#xD;
      Executed endpoint 'MCP Streamable HTTP | HTTP: POST /mcp/'&#xD;
info: Microsoft.AspNetCore.Hosting.Diagnostics[2]&#xD;
      Request finished HTTP/1.1 POST http://localhost/mcp - 200 - text/event-stream 4.3072ms&#xD;
info: Microsoft.AspNetCore.Routing.EndpointMiddleware[1]&#xD;
      Executed endpoint 'Hot Chocolate GraphQL Pipeline'&#xD;
info: Microsoft.AspNetCore.Hosting.Diagnostics[2]&#xD;
      Request finished HTTP/1.1 POST http://localhost/graphql - 200 - application/graphql-response+json;+charset=utf-8 10.6546ms&#xD;
info: Microsoft.AspNetCore.Hosting.Diagnostics[1]&#xD;
      Request starting HTTP/1.1 POST http://localhost/graphql - application/json;+charset=utf-8 148&#xD;
info: Microsoft.AspNetCore.Routing.EndpointMiddleware[0]&#xD;
      Executing endpoint 'Hot Chocolate GraphQL Pipeline'&#xD;
dbug: Microsoft.Extensions.Hosting.Internal.Host[1]&#xD;
      Hosting starting&#xD;
dbug: Microsoft.Extensions.Hosting.Internal.Host[2]&#xD;
      Hosting started&#xD;
info: Microsoft.AspNetCore.Routing.EndpointMiddleware[1]&#xD;
      Executed endpoint 'Hot Chocolate GraphQL Pipeline'&#xD;
info: Microsoft.AspNetCore.Hosting.Diagnostics[2]&#xD;
      Request finished HTTP/1.1 POST http://localhost/graphql - 200 - application/graphql-response+json;+charset=utf-8 11.2427ms&#xD;
info: Microsoft.AspNetCore.Hosting.Diagnostics[1]&#xD;
      Request starting HTTP/1.1 POST http://localhost/mcp - application/json;+charset=utf-8 149&#xD;
info: Microsoft.AspNetCore.Routing.EndpointMiddleware[0]&#xD;
      Executing endpoint 'MCP Streamable HTTP | HTTP: POST /mcp/'&#xD;
dbug: ModelContextProtocol.Server.McpServer[330297028]&#xD;
      Server (testhost 15.0.0.0) read JsonRpcRequest message from channel.&#xD;
info: ModelContextProtocol.Server.McpServer[570385771]&#xD;
      Server (testhost 15.0.0.0) method 'tools/call' request handler called.&#xD;
info: ModelContextProtocol.Server.McpServer[2065726448]&#xD;
      "list_products" completed. IsError = False.&#xD;
dbug: ModelContextProtocol.Server.McpServer[1374391956]&#xD;
      Server (testhost 15.0.0.0) sending message.&#xD;
info: ModelContextProtocol.Server.McpServer[1867955179]&#xD;
      Server (testhost 15.0.0.0) method 'tools/call' request handler completed in 0.6231ms.&#xD;
info: Microsoft.AspNetCore.Routing.EndpointMiddleware[1]&#xD;
      Executed endpoint 'MCP Streamable HTTP | HTTP: POST /mcp/'&#xD;
info: Microsoft.AspNetCore.Hosting.Diagnostics[2]&#xD;
      Request finished HTTP/1.1 POST http://localhost/mcp - 200 - text/event-stream 4.4911ms&#xD;
dbug: Microsoft.Extensions.Hosting.Internal.Host[1]&#xD;
      Hosting starting&#xD;
dbug: Microsoft.Extensions.Hosting.Internal.Host[3]&#xD;
      Hosting stopping&#xD;
dbug: Microsoft.Extensions.Hosting.Internal.Host[3]&#xD;
      Hosting stopping&#xD;
dbug: Microsoft.Extensions.Hosting.Internal.Host[4]&#xD;
      Hosting stopped&#xD;
dbug: Microsoft.Extensions.Hosting.Internal.Host[4]&#xD;
      Hosting stopped&#xD;
dbug: Microsoft.Extensions.Hosting.Internal.Host[3]&#xD;
      Hosting stopping&#xD;
dbug: Microsoft.Extensions.Hosting.Internal.Host[4]&#xD;
      Hosting stopped&#xD;
dbug: Microsoft.Extensions.Hosting.Internal.Host[3]&#xD;
      Hosting stopping&#xD;
dbug: Microsoft.Extensions.Hosting.Internal.Host[4]&#xD;
      Hosting stopped&#xD;
dbug: Microsoft.Extensions.Hosting.Internal.Host[3]&#xD;
      Hosting stopping&#xD;
dbug: Microsoft.Extensions.Hosting.Internal.Host[4]&#xD;
      Hosting stopped&#xD;
dbug: Microsoft.Extensions.Hosting.Internal.Host[3]&#xD;
      Hosting stopping&#xD;
dbug: Microsoft.Extensions.Hosting.Internal.Host[4]&#xD;
      Hosting stopped&#xD;
dbug: Microsoft.Extensions.Hosting.Internal.Host[3]&#xD;
      Hosting stopping&#xD;
dbug: Microsoft.Extensions.Hosting.Internal.Host[4]&#xD;
      Hosting stopped&#xD;
dbug: Microsoft.Extensions.Hosting.Internal.Host[3]&#xD;
      Hosting stopping&#xD;
dbug: Microsoft.Extensions.Hosting.Internal.Host[4]&#xD;
      Hosting stopped&#xD;
dbug: Microsoft.Extensions.Hosting.Internal.Host[3]&#xD;
      Hosting stopping&#xD;
dbug: Microsoft.Extensions.Hosting.Internal.Host[4]&#xD;
      Hosting stopped&#xD;
dbug: Microsoft.Extensions.Hosting.Internal.Host[3]&#xD;
      Hosting stopping&#xD;
dbug: Microsoft.Extensions.Hosting.Internal.Host[4]&#xD;
      Hosting stopped&#xD;
dbug: Microsoft.Extensions.Hosting.Internal.Host[3]&#xD;
      Hosting stopping&#xD;
dbug: Microsoft.Extensions.Hosting.Internal.Host[3]&#xD;
      Hosting stopping&#xD;
dbug: Microsoft.Extensions.Hosting.Internal.Host[4]&#xD;
      Hosting stopped&#xD;
dbug: Microsoft.Extensions.Hosting.Internal.Host[4]&#xD;
      Hosting stopped&#xD;
dbug: Microsoft.Extensions.Hosting.Internal.Host[3]&#xD;
      Hosting stopping&#xD;
dbug: Microsoft.Extensions.Hosting.Internal.Host[4]&#xD;
      Hosting stopped&#xD;
dbug: Microsoft.Extensions.Hosting.Internal.Host[3]&#xD;
      Hosting stopping&#xD;
dbug: Microsoft.Extensions.Hosting.Internal.Host[4]&#xD;
      Hosting stopped&#xD;
dbug: Microsoft.Extensions.Hosting.Internal.Host[2]&#xD;
      Hosting started&#xD;
info: Microsoft.AspNetCore.Hosting.Diagnostics[1]&#xD;
      Request starting HTTP/1.1 POST http://localhost/graphql - application/json;+charset=utf-8 156&#xD;
info: Microsoft.AspNetCore.Routing.EndpointMiddleware[0]&#xD;
      Executing endpoint 'Hot Chocolate GraphQL Pipeline'&#xD;
fail: LoggingErrorFilter[0]&#xD;
      GraphQL execution error: Unexpected Execution Error&#xD;
      System.UnauthorizedAccessException: Invalid actor credentials.&#xD;
         at Foundgine.SupplyChain.Application.SupplyChainAuthorizer.Authenticate(String actor, String token) in C:\Foundgine\samples\Foundgine.SupplyChain\Application\Authorization.cs:line 63&#xD;
         at Foundgine.SupplyChain.Application.SupplyChainAuthorizer.Demand(String actor, String token, String capability, Nullable`1 customerId) in C:\Foundgine\samples\Foundgine.SupplyChain\Application\Authorization.cs:line 73&#xD;
         at lambda_method217(Closure, IResolverContext)&#xD;
         at HotChocolate.Types.Helpers.FieldMiddlewareCompiler.&lt;&gt;c__DisplayClass9_0.&lt;&lt;CreateResolverMiddleware&gt;b__0&gt;d.MoveNext()&#xD;
      --- End of stack trace from previous location ---&#xD;
         at HotChocolate.Execution.Processing.Tasks.ResolverTask.ExecuteResolverPipelineAsync(CancellationToken cancellationToken)&#xD;
         at HotChocolate.Execution.Processing.Tasks.ResolverTask.TryExecuteAsync(CancellationToken cancellationToken)&#xD;
info: Microsoft.AspNetCore.Routing.EndpointMiddleware[1]&#xD;
      Executed endpoint 'Hot Chocolate GraphQL Pipeline'&#xD;
info: Microsoft.AspNetCore.Hosting.Diagnostics[2]&#xD;
      Request finished HTTP/1.1 POST http://localhost/graphql - 200 - application/graphql-response+json;+charset=utf-8 2.0625ms&#xD;
info: Microsoft.AspNetCore.Hosting.Diagnostics[1]&#xD;
      Request starting HTTP/1.1 POST http://localhost/graphql - application/json;+charset=utf-8 141&#xD;
info: Microsoft.AspNetCore.Routing.EndpointMiddleware[0]&#xD;
      Executing endpoint 'Hot Chocolate GraphQL Pipeline'&#xD;
fail: LoggingErrorFilter[0]&#xD;
      GraphQL execution error: Unexpected Execution Error&#xD;
      System.UnauthorizedAccessException: Invalid actor credentials.&#xD;
         at Foundgine.SupplyChain.Application.SupplyChainAuthorizer.Authenticate(String actor, String token) in C:\Foundgine\samples\Foundgine.SupplyChain\Application\Authorization.cs:line 63&#xD;
         at Foundgine.SupplyChain.Application.SupplyChainAuthorizer.Demand(String actor, String token, String capability, Nullable`1 customerId) in C:\Foundgine\samples\Foundgine.SupplyChain\Application\Authorization.cs:line 73&#xD;
         at lambda_method217(Closure, IResolverContext)&#xD;
         at HotChocolate.Types.Helpers.FieldMiddlewareCompiler.&lt;&gt;c__DisplayClass9_0.&lt;&lt;CreateResolverMiddleware&gt;b__0&gt;d.MoveNext()&#xD;
      --- End of stack trace from previous location ---&#xD;
         at HotChocolate.Execution.Processing.Tasks.ResolverTask.ExecuteResolverPipelineAsync(CancellationToken cancellationToken)&#xD;
         at HotChocolate.Execution.Processing.Tasks.ResolverTask.TryExecuteAsync(CancellationToken cancellationToken)&#xD;
info: Microsoft.AspNetCore.Routing.EndpointMiddleware[1]&#xD;
      Executed endpoint 'Hot Chocolate GraphQL Pipeline'&#xD;
info: Microsoft.AspNetCore.Hosting.Diagnostics[2]&#xD;
      Request finished HTTP/1.1 POST http://localhost/graphql - 200 - application/graphql-response+json;+charset=utf-8 1.5199ms&#xD;
dbug: Microsoft.Extensions.Hosting.Internal.Host[1]&#xD;
      Hosting starting&#xD;
dbug: Microsoft.Extensions.Hosting.Internal.Host[2]&#xD;
      Hosting started&#xD;
info: Microsoft.AspNetCore.Hosting.Diagnostics[1]&#xD;
      Request starting HTTP/1.1 POST http://localhost/graphql - application/json;+charset=utf-8 377&#xD;
info: Microsoft.AspNetCore.Routing.EndpointMiddleware[0]&#xD;
      Executing endpoint 'Hot Chocolate GraphQL Pipeline'&#xD;
info: Microsoft.AspNetCore.Routing.EndpointMiddleware[1]&#xD;
      Executed endpoint 'Hot Chocolate GraphQL Pipeline'&#xD;
info: Microsoft.AspNetCore.Hosting.Diagnostics[2]&#xD;
      Request finished HTTP/1.1 POST http://localhost/graphql - 200 - application/graphql-response+json;+charset=utf-8 29.4370ms&#xD;
info: Microsoft.AspNetCore.Hosting.Diagnostics[1]&#xD;
      Request starting HTTP/1.1 POST http://localhost/graphql - application/json;+charset=utf-8 200&#xD;
info: Microsoft.AspNetCore.Routing.EndpointMiddleware[0]&#xD;
      Executing endpoint 'Hot Chocolate GraphQL Pipeline'&#xD;
fail: LoggingErrorFilter[0]&#xD;
      GraphQL execution error: Unexpected Execution Error&#xD;
      System.UnauthorizedAccessException: Actor is not authorized for the requested customer.&#xD;
         at Foundgine.SupplyChain.Application.SupplyChainAuthorizer.Demand(String actor, String token, String capability, Nullable`1 customerId) in C:\Foundgine\samples\Foundgine.SupplyChain\Application\Authorization.cs:line 149&#xD;
         at lambda_method243(Closure, IResolverContext)&#xD;
         at HotChocolate.Types.Helpers.FieldMiddlewareCompiler.&lt;&gt;c__DisplayClass9_0.&lt;&lt;CreateResolverMiddleware&gt;b__0&gt;d.MoveNext()&#xD;
      --- End of stack trace from previous location ---&#xD;
         at HotChocolate.Execution.Processing.Tasks.ResolverTask.ExecuteResolverPipelineAsync(CancellationToken cancellationToken)&#xD;
         at HotChocolate.Execution.Processing.Tasks.ResolverTask.TryExecuteAsync(CancellationToken cancellationToken)&#xD;
info: Microsoft.AspNetCore.Routing.EndpointMiddleware[1]&#xD;
      Executed endpoint 'Hot Chocolate GraphQL Pipeline'&#xD;
info: Microsoft.AspNetCore.Hosting.Diagnostics[2]&#xD;
      Request finished HTTP/1.1 POST http://localhost/graphql - 200 - application/graphql-response+json;+charset=utf-8 2.4858ms&#xD;
dbug: Microsoft.Extensions.Hosting.Internal.Host[3]&#xD;
      Hosting stopping&#xD;
dbug: Microsoft.Extensions.Hosting.Internal.Host[3]&#xD;
      Hosting stopping&#xD;
dbug: Microsoft.Extensions.Hosting.Internal.Host[4]&#xD;
      Hosting stopped&#xD;
dbug: Microsoft.Extensions.Hosting.Internal.Host[4]&#xD;
      Hosting stopped&#xD;
dbug: Microsoft.Extensions.Hosting.Internal.Host[3]&#xD;
      Hosting stopping&#xD;
dbug: Microsoft.Extensions.Hosting.Internal.Host[3]&#xD;
      Hosting stopping&#xD;
dbug: Microsoft.Extensions.Hosting.Internal.Host[4]&#xD;
      Hosting stopped&#xD;
dbug: Microsoft.Extensions.Hosting.Internal.Host[4]&#xD;
      Hosting stopped&#xD;
dbug: Microsoft.Extensions.Hosting.Internal.Host[3]&#xD;
      Hosting stopping&#xD;
dbug: Microsoft.Extensions.Hosting.Internal.Host[4]&#xD;
      Hosting stopped&#xD;
dbug: Microsoft.Extensions.Hosting.Internal.Host[3]&#xD;
      Hosting stopping&#xD;
dbug: Microsoft.Extensions.Hosting.Internal.Host[4]&#xD;
      Hosting stopped&#xD;
dbug: Microsoft.Extensions.Hosting.Internal.Host[3]&#xD;
      Hosting stopping&#xD;
dbug: Microsoft.Extensions.Hosting.Internal.Host[4]&#xD;
      Hosting stopped&#xD;
dbug: Microsoft.Extensions.Hosting.Internal.Host[3]&#xD;
      Hosting stopping&#xD;
dbug: Microsoft.Extensions.Hosting.Internal.Host[4]&#xD;
      Hosting stopped&#xD;
dbug: Microsoft.Extensions.Hosting.Internal.Host[3]&#xD;
      Hosting stopping&#xD;
dbug: Microsoft.Extensions.Hosting.Internal.Host[3]&#xD;
      Hosting stopping&#xD;
dbug: Microsoft.Extensions.Hosting.Internal.Host[4]&#xD;
      Hosting stopped&#xD;
dbug: Microsoft.Extensions.Hosting.Internal.Host[4]&#xD;
      Hosting stopped&#xD;
dbug: Microsoft.Extensions.Hosting.Internal.Host[3]&#xD;
      Hosting stopping&#xD;
dbug: Microsoft.Extensions.Hosting.Internal.Host[4]&#xD;
      Hosting stopped&#xD;
dbug: Microsoft.Extensions.Hosting.Internal.Host[3]&#xD;
      Hosting stopping&#xD;
dbug: Microsoft.Extensions.Hosting.Internal.Host[4]&#xD;
      Hosting stopped&#xD;
dbug: Microsoft.Extensions.Hosting.Internal.Host[3]&#xD;
      Hosting stopping&#xD;
dbug: Microsoft.Extensions.Hosting.Internal.Host[4]&#xD;
      Hosting stopped&#xD;
dbug: Microsoft.Extensions.Hosting.Internal.Host[3]&#xD;
      Hosting stopping&#xD;
dbug: Microsoft.Extensions.Hosting.Internal.Host[4]&#xD;
      Hosting stopped&#xD;
[xUnit.net 00:00:16.19]   Finished:    Foundgine.SupplyChain.PenTest.Tests&#xD;
</StdOut>
    </Output>
  </ResultSummary>
</TestRun>